This file contains any messages produced by compilers while
running configure, to aid debugging if configure makes a mistake.

It was created by configure, which was
generated by GNU Autoconf 2.67.  Invocation command line was

  $ ./configure 

## --------- ##
## Platform. ##
## --------- ##

hostname = fedora
uname -m = i686
uname -r = 2.6.35.13-92.fc14.i686
uname -s = Linux
uname -v = #1 SMP Sat May 21 17:39:42 UTC 2011

/usr/bin/uname -p = unknown
/bin/uname -X     = unknown

/bin/arch              = i686
/usr/bin/arch -k       = unknown
/usr/convex/getsysinfo = unknown
/usr/bin/hostinfo      = unknown
/bin/machine           = unknown
/usr/bin/oslevel       = unknown
/bin/universe          = unknown

PATH: /usr/local/bin
PATH: /usr/bin
PATH: /bin
PATH: /usr/local/sbin
PATH: /usr/sbin
PATH: /sbin
PATH: /home/cherra/bin


## ----------- ##
## Core tests. ##
## ----------- ##

configure:2185: checking for a BSD-compatible install
configure:2253: result: /usr/bin/install -c
configure:2264: checking whether build environment is sane
configure:2314: result: yes
configure:2455: checking for a thread-safe mkdir -p
configure:2494: result: /bin/mkdir -p
configure:2507: checking for gawk
configure:2523: found /usr/bin/gawk
configure:2534: result: gawk
configure:2545: checking whether make sets $(MAKE)
configure:2567: result: yes
configure:2650: checking whether to enable maintainer-specific portions of Makefiles
configure:2659: result: no
configure:2685: checking for style of include used by make
configure:2713: result: GNU
configure:2783: checking for gcc
configure:2799: found /usr/bin/gcc
configure:2810: result: gcc
configure:3039: checking for C compiler version
configure:3048: gcc --version >&5
gcc (GCC) 4.5.1 20100924 (Red Hat 4.5.1-4)
Copyright (C) 2010 Free Software Foundation, Inc.
This is free software; see the source for copying conditions.  There is NO
warranty; not even for MERCHANTABILITY or FITNESS FOR A PARTICULAR PURPOSE.

configure:3059: $? = 0
configure:3048: gcc -v >&5
Using built-in specs.
COLLECT_GCC=gcc
COLLECT_LTO_WRAPPER=/usr/libexec/gcc/i686-redhat-linux/4.5.1/lto-wrapper
Target: i686-redhat-linux
Configured with: ../configure --prefix=/usr --mandir=/usr/share/man --infodir=/usr/share/info --with-bugurl=http://bugzilla.redhat.com/bugzilla --enable-bootstrap --enable-shared --enable-threads=posix --enable-checking=release --with-system-zlib --enable-__cxa_atexit --disable-libunwind-exceptions --enable-gnu-unique-object --enable-linker-build-id --enable-languages=c,c++,objc,obj-c++,java,fortran,ada,lto --enable-plugin --enable-java-awt=gtk --disable-dssi --with-java-home=/usr/lib/jvm/java-1.5.0-gcj-1.5.0.0/jre --enable-libgcj-multifile --enable-java-maintainer-mode --with-ecj-jar=/usr/share/java/eclipse-ecj.jar --disable-libjava-multilib --with-ppl --with-cloog --with-tune=generic --with-arch=i686 --build=i686-redhat-linux
Thread model: posix
gcc version 4.5.1 20100924 (Red Hat 4.5.1-4) (GCC) 
configure:3059: $? = 0
configure:3048: gcc -V >&5
gcc: '-V' option must have argument
configure:3059: $? = 1
configure:3048: gcc -qversion >&5
gcc: unrecognized option '-qversion'
gcc: no input files
configure:3059: $? = 1
configure:3079: checking whether the C compiler works
configure:3101: gcc    conftest.c  >&5
configure:3105: $? = 0
configure:3153: result: yes
configure:3156: checking for C compiler default output file name
configure:3158: result: a.out
configure:3164: checking for suffix of executables
configure:3171: gcc -o conftest    conftest.c  >&5
configure:3175: $? = 0
configure:3197: result: 
configure:3219: checking whether we are cross compiling
configure:3227: gcc -o conftest    conftest.c  >&5
configure:3231: $? = 0
configure:3238: ./conftest
configure:3242: $? = 0
configure:3257: result: no
configure:3262: checking for suffix of object files
configure:3284: gcc -c   conftest.c >&5
configure:3288: $? = 0
configure:3309: result: o
configure:3313: checking whether we are using the GNU C compiler
configure:3332: gcc -c   conftest.c >&5
configure:3332: $? = 0
configure:3341: result: yes
configure:3350: checking whether gcc accepts -g
configure:3370: gcc -c -g  conftest.c >&5
configure:3370: $? = 0
configure:3411: result: yes
configure:3428: checking for gcc option to accept ISO C89
configure:3492: gcc  -c -g -O2  conftest.c >&5
configure:3492: $? = 0
configure:3505: result: none needed
configure:3527: checking dependency style of gcc
configure:3637: result: gcc3
configure:3653: checking for library containing strerror
configure:3684: gcc -o conftest -g -O2   conftest.c  >&5
configure:3684: $? = 0
configure:3701: result: none required
configure:3757: checking for gcc
configure:3784: result: gcc
configure:4013: checking for C compiler version
configure:4022: gcc --version >&5
gcc (GCC) 4.5.1 20100924 (Red Hat 4.5.1-4)
Copyright (C) 2010 Free Software Foundation, Inc.
This is free software; see the source for copying conditions.  There is NO
warranty; not even for MERCHANTABILITY or FITNESS FOR A PARTICULAR PURPOSE.

configure:4033: $? = 0
configure:4022: gcc -v >&5
Using built-in specs.
COLLECT_GCC=gcc
COLLECT_LTO_WRAPPER=/usr/libexec/gcc/i686-redhat-linux/4.5.1/lto-wrapper
Target: i686-redhat-linux
Configured with: ../configure --prefix=/usr --mandir=/usr/share/man --infodir=/usr/share/info --with-bugurl=http://bugzilla.redhat.com/bugzilla --enable-bootstrap --enable-shared --enable-threads=posix --enable-checking=release --with-system-zlib --enable-__cxa_atexit --disable-libunwind-exceptions --enable-gnu-unique-object --enable-linker-build-id --enable-languages=c,c++,objc,obj-c++,java,fortran,ada,lto --enable-plugin --enable-java-awt=gtk --disable-dssi --with-java-home=/usr/lib/jvm/java-1.5.0-gcj-1.5.0.0/jre --enable-libgcj-multifile --enable-java-maintainer-mode --with-ecj-jar=/usr/share/java/eclipse-ecj.jar --disable-libjava-multilib --with-ppl --with-cloog --with-tune=generic --with-arch=i686 --build=i686-redhat-linux
Thread model: posix
gcc version 4.5.1 20100924 (Red Hat 4.5.1-4) (GCC) 
configure:4033: $? = 0
configure:4022: gcc -V >&5
gcc: '-V' option must have argument
configure:4033: $? = 1
configure:4022: gcc -qversion >&5
gcc: unrecognized option '-qversion'
gcc: no input files
configure:4033: $? = 1
configure:4037: checking whether we are using the GNU C compiler
configure:4065: result: yes
configure:4074: checking whether gcc accepts -g
configure:4135: result: yes
configure:4152: checking for gcc option to accept ISO C89
configure:4229: result: none needed
configure:4251: checking dependency style of gcc
configure:4361: result: gcc3
configure:4424: checking for gcc
configure:4451: result: gcc
configure:4680: checking for C compiler version
configure:4689: gcc --version >&5
gcc (GCC) 4.5.1 20100924 (Red Hat 4.5.1-4)
Copyright (C) 2010 Free Software Foundation, Inc.
This is free software; see the source for copying conditions.  There is NO
warranty; not even for MERCHANTABILITY or FITNESS FOR A PARTICULAR PURPOSE.

configure:4700: $? = 0
configure:4689: gcc -v >&5
Using built-in specs.
COLLECT_GCC=gcc
COLLECT_LTO_WRAPPER=/usr/libexec/gcc/i686-redhat-linux/4.5.1/lto-wrapper
Target: i686-redhat-linux
Configured with: ../configure --prefix=/usr --mandir=/usr/share/man --infodir=/usr/share/info --with-bugurl=http://bugzilla.redhat.com/bugzilla --enable-bootstrap --enable-shared --enable-threads=posix --enable-checking=release --with-system-zlib --enable-__cxa_atexit --disable-libunwind-exceptions --enable-gnu-unique-object --enable-linker-build-id --enable-languages=c,c++,objc,obj-c++,java,fortran,ada,lto --enable-plugin --enable-java-awt=gtk --disable-dssi --with-java-home=/usr/lib/jvm/java-1.5.0-gcj-1.5.0.0/jre --enable-libgcj-multifile --enable-java-maintainer-mode --with-ecj-jar=/usr/share/java/eclipse-ecj.jar --disable-libjava-multilib --with-ppl --with-cloog --with-tune=generic --with-arch=i686 --build=i686-redhat-linux
Thread model: posix
gcc version 4.5.1 20100924 (Red Hat 4.5.1-4) (GCC) 
configure:4700: $? = 0
configure:4689: gcc -V >&5
gcc: '-V' option must have argument
configure:4700: $? = 1
configure:4689: gcc -qversion >&5
gcc: unrecognized option '-qversion'
gcc: no input files
configure:4700: $? = 1
configure:4704: checking whether we are using the GNU C compiler
configure:4732: result: yes
configure:4741: checking whether gcc accepts -g
configure:4802: result: yes
configure:4819: checking for gcc option to accept ISO C89
configure:4896: result: none needed
configure:4918: checking dependency style of gcc
configure:5028: result: gcc3
configure:5051: checking how to run the C preprocessor
configure:5082: gcc -E  conftest.c
configure:5082: $? = 0
configure:5096: gcc -E  conftest.c
conftest.c:11:28: fatal error: ac_nonexistent.h: No such file or directory
compilation terminated.
configure:5096: $? = 1
configure: failed program was:
| /* confdefs.h */
| #define PACKAGE_NAME ""
| #define PACKAGE_TARNAME ""
| #define PACKAGE_VERSION ""
| #define PACKAGE_STRING ""
| #define PACKAGE_BUGREPORT ""
| #define PACKAGE_URL ""
| #define PACKAGE "carnesbecerra"
| #define VERSION "0.1"
| /* end confdefs.h.  */
| #include <ac_nonexistent.h>
configure:5121: result: gcc -E
configure:5141: gcc -E  conftest.c
configure:5141: $? = 0
configure:5155: gcc -E  conftest.c
conftest.c:11:28: fatal error: ac_nonexistent.h: No such file or directory
compilation terminated.
configure:5155: $? = 1
configure: failed program was:
| /* confdefs.h */
| #define PACKAGE_NAME ""
| #define PACKAGE_TARNAME ""
| #define PACKAGE_VERSION ""
| #define PACKAGE_STRING ""
| #define PACKAGE_BUGREPORT ""
| #define PACKAGE_URL ""
| #define PACKAGE "carnesbecerra"
| #define VERSION "0.1"
| /* end confdefs.h.  */
| #include <ac_nonexistent.h>
configure:5184: checking for grep that handles long lines and -e
configure:5242: result: /bin/grep
configure:5247: checking for egrep
configure:5309: result: /bin/grep -E
configure:5314: checking for ANSI C header files
configure:5334: gcc -c -g -O2  conftest.c >&5
configure:5334: $? = 0
configure:5407: gcc -o conftest -g -O2   conftest.c  >&5
configure:5407: $? = 0
configure:5407: ./conftest
configure:5407: $? = 0
configure:5418: result: yes
configure:5481: checking for pkg-config
configure:5499: found /usr/bin/pkg-config
configure:5511: result: /usr/bin/pkg-config
configure:5536: checking pkg-config is at least version 0.9.0
configure:5539: result: yes
configure:5549: checking for PACKAGE
configure:5556: $PKG_CONFIG --exists --print-errors "$pkg_modules"
configure:5559: $? = 0
configure:5572: $PKG_CONFIG --exists --print-errors "$pkg_modules"
configure:5575: $? = 0
configure:5632: result: yes
configure:5652: checking for sys/types.h
configure:5652: gcc -c -g -O2  conftest.c >&5
configure:5652: $? = 0
configure:5652: result: yes
configure:5652: checking for sys/stat.h
configure:5652: gcc -c -g -O2  conftest.c >&5
configure:5652: $? = 0
configure:5652: result: yes
configure:5652: checking for stdlib.h
configure:5652: gcc -c -g -O2  conftest.c >&5
configure:5652: $? = 0
configure:5652: result: yes
configure:5652: checking for string.h
configure:5652: gcc -c -g -O2  conftest.c >&5
configure:5652: $? = 0
configure:5652: result: yes
configure:5652: checking for memory.h
configure:5652: gcc -c -g -O2  conftest.c >&5
configure:5652: $? = 0
configure:5652: result: yes
configure:5652: checking for strings.h
configure:5652: gcc -c -g -O2  conftest.c >&5
configure:5652: $? = 0
configure:5652: result: yes
configure:5652: checking for inttypes.h
configure:5652: gcc -c -g -O2  conftest.c >&5
configure:5652: $? = 0
configure:5652: result: yes
configure:5652: checking for stdint.h
configure:5652: gcc -c -g -O2  conftest.c >&5
configure:5652: $? = 0
configure:5652: result: yes
configure:5652: checking for unistd.h
configure:5652: gcc -c -g -O2  conftest.c >&5
configure:5652: $? = 0
configure:5652: result: yes
configure:5667: checking locale.h usability
configure:5667: gcc -c -g -O2  conftest.c >&5
configure:5667: $? = 0
configure:5667: result: yes
configure:5667: checking locale.h presence
configure:5667: gcc -E  conftest.c
configure:5667: $? = 0
configure:5667: result: yes
configure:5667: checking for locale.h
configure:5667: result: yes
configure:5678: checking for LC_MESSAGES
configure:5694: gcc -o conftest -g -O2   conftest.c  >&5
configure:5694: $? = 0
configure:5702: result: yes
configure:5719: checking libintl.h usability
configure:5719: gcc -c -g -O2  conftest.c >&5
configure:5719: $? = 0
configure:5719: result: yes
configure:5719: checking libintl.h presence
configure:5719: gcc -E  conftest.c
configure:5719: $? = 0
configure:5719: result: yes
configure:5719: checking for libintl.h
configure:5719: result: yes
configure:5727: checking for ngettext in libc
configure:5745: gcc -o conftest -g -O2   conftest.c  >&5
configure:5745: $? = 0
configure:5754: result: yes
configure:5758: checking for dgettext in libc
configure:5776: gcc -o conftest -g -O2   conftest.c  >&5
configure:5776: $? = 0
configure:5785: result: yes
configure:5792: checking for bind_textdomain_codeset
configure:5792: gcc -o conftest -g -O2   conftest.c  >&5
configure:5792: $? = 0
configure:5792: result: yes
configure:6068: checking for msgfmt
configure:6098: result: no
configure:6502: creating ./config.status

## ---------------------- ##
## Running config.status. ##
## ---------------------- ##

This file was extended by config.status, which was
generated by GNU Autoconf 2.67.  Invocation command line was

  CONFIG_FILES    = 
  CONFIG_HEADERS  = 
  CONFIG_LINKS    = 
  CONFIG_COMMANDS = 
  $ ./config.status 

on fedora

config.status:892: creating Makefile
config.status:892: creating src/Makefile
config.status:892: creating po/Makefile.in
config.status:892: creating config.h
config.status:1072: config.h is unchanged
config.status:1120: executing depfiles commands
config.status:1120: executing default-1 commands

## ---------------- ##
## Cache variables. ##
## ---------------- ##

ac_cv_c_compiler_gnu=yes
ac_cv_env_CC_set=
ac_cv_env_CC_value=
ac_cv_env_CFLAGS_set=
ac_cv_env_CFLAGS_value=
ac_cv_env_CPPFLAGS_set=
ac_cv_env_CPPFLAGS_value=
ac_cv_env_CPP_set=
ac_cv_env_CPP_value=
ac_cv_env_LDFLAGS_set=
ac_cv_env_LDFLAGS_value=
ac_cv_env_LIBS_set=
ac_cv_env_LIBS_value=
ac_cv_env_PACKAGE_CFLAGS_set=
ac_cv_env_PACKAGE_CFLAGS_value=
ac_cv_env_PACKAGE_LIBS_set=
ac_cv_env_PACKAGE_LIBS_value=
ac_cv_env_PKG_CONFIG_LIBDIR_set=
ac_cv_env_PKG_CONFIG_LIBDIR_value=
ac_cv_env_PKG_CONFIG_PATH_set=
ac_cv_env_PKG_CONFIG_PATH_value=
ac_cv_env_PKG_CONFIG_set=
ac_cv_env_PKG_CONFIG_value=
ac_cv_env_build_alias_set=
ac_cv_env_build_alias_value=
ac_cv_env_host_alias_set=
ac_cv_env_host_alias_value=
ac_cv_env_target_alias_set=
ac_cv_env_target_alias_value=
ac_cv_func_bind_textdomain_codeset=yes
ac_cv_header_inttypes_h=yes
ac_cv_header_libintl_h=yes
ac_cv_header_locale_h=yes
ac_cv_header_memory_h=yes
ac_cv_header_stdc=yes
ac_cv_header_stdint_h=yes
ac_cv_header_stdlib_h=yes
ac_cv_header_string_h=yes
ac_cv_header_strings_h=yes
ac_cv_header_sys_stat_h=yes
ac_cv_header_sys_types_h=yes
ac_cv_header_unistd_h=yes
ac_cv_objext=o
ac_cv_path_EGREP='/bin/grep -E'
ac_cv_path_GREP=/bin/grep
ac_cv_path_MSGFMT=no
ac_cv_path_ac_pt_PKG_CONFIG=/usr/bin/pkg-config
ac_cv_path_install='/usr/bin/install -c'
ac_cv_path_mkdir=/bin/mkdir
ac_cv_prog_AWK=gawk
ac_cv_prog_CPP='gcc -E'
ac_cv_prog_ac_ct_CC=gcc
ac_cv_prog_cc_c89=
ac_cv_prog_cc_g=yes
ac_cv_prog_make_make_set=yes
ac_cv_search_strerror='none required'
am_cv_CC_dependencies_compiler_type=gcc3
am_cv_prog_cc_stdc=
am_cv_val_LC_MESSAGES=yes
gt_cv_func_dgettext_libc=yes
gt_cv_func_dgettext_libintl=no
gt_cv_func_ngettext_libc=yes
gt_cv_have_gettext=no
pkg_cv_PACKAGE_CFLAGS='-pthread -I/usr/include/gtk-2.0 -I/usr/lib/gtk-2.0/include -I/usr/include/atk-1.0 -I/usr/include/cairo -I/usr/include/gdk-pixbuf-2.0 -I/usr/include/pango-1.0 -I/usr/include/glib-2.0 -I/usr/lib/glib-2.0/include -I/usr/include/pixman-1 -I/usr/include/freetype2 -I/usr/include/libpng12  '
pkg_cv_PACKAGE_LIBS='-pthread -lgtk-x11-2.0 -lgdk-x11-2.0 -latk-1.0 -lgio-2.0 -lpangoft2-1.0 -lpangocairo-1.0 -lgdk_pixbuf-2.0 -lm -lcairo -lpng12 -lpango-1.0 -lfreetype -lfontconfig -lgobject-2.0 -lgmodule-2.0 -lgthread-2.0 -lrt -lglib-2.0  '

## ----------------- ##
## Output variables. ##
## ----------------- ##

ACLOCAL='${SHELL} /home/cherra/carnesbecerra_2.9.14/missing --run aclocal-1.11'
AMDEPBACKSLASH='\'
AMDEP_FALSE='#'
AMDEP_TRUE=''
AMTAR='${SHELL} /home/cherra/carnesbecerra_2.9.14/missing --run tar'
AUTOCONF='${SHELL} /home/cherra/carnesbecerra_2.9.14/missing --run autoconf'
AUTOHEADER='${SHELL} /home/cherra/carnesbecerra_2.9.14/missing --run autoheader'
AUTOMAKE='${SHELL} /home/cherra/carnesbecerra_2.9.14/missing --run automake-1.11'
AWK='gawk'
CATALOGS=''
CATOBJEXT='NONE'
CC='gcc'
CCDEPMODE='depmode=gcc3'
CFLAGS='-g -O2'
CPP='gcc -E'
CPPFLAGS=''
CYGPATH_W='echo'
DATADIRNAME=''
DEFS='-DHAVE_CONFIG_H'
DEPDIR='.deps'
ECHO_C=''
ECHO_N='-n'
ECHO_T=''
EGREP='/bin/grep -E'
EXEEXT=''
GETTEXT_PACKAGE='carnesbecerra'
GMOFILES=''
GMSGFMT=''
GREP='/bin/grep'
INSTALL_DATA='${INSTALL} -m 644'
INSTALL_PROGRAM='${INSTALL}'
INSTALL_SCRIPT='${INSTALL}'
INSTALL_STRIP_PROGRAM='$(install_sh) -c -s'
INSTOBJEXT=''
INTLLIBS='-L/usr/lib/mysql -lmysqlclient -lz'
LDFLAGS=''
LIBOBJS=''
LIBS=''
LTLIBOBJS=''
MAINT='#'
MAINTAINER_MODE_FALSE=''
MAINTAINER_MODE_TRUE='#'
MAKEINFO='${SHELL} /home/cherra/carnesbecerra_2.9.14/missing --run makeinfo'
MKDIR_P='/bin/mkdir -p'
MKINSTALLDIRS='./mkinstalldirs'
MSGFMT='no'
MSGFMT_OPTS=''
OBJEXT='o'
PACKAGE='carnesbecerra'
PACKAGE_BUGREPORT=''
PACKAGE_CFLAGS='-pthread -I/usr/include/gtk-2.0 -I/usr/lib/gtk-2.0/include -I/usr/include/atk-1.0 -I/usr/include/cairo -I/usr/include/gdk-pixbuf-2.0 -I/usr/include/pango-1.0 -I/usr/include/glib-2.0 -I/usr/lib/glib-2.0/include -I/usr/include/pixman-1 -I/usr/include/freetype2 -I/usr/include/libpng12  '
PACKAGE_LIBS='-pthread -lgtk-x11-2.0 -lgdk-x11-2.0 -latk-1.0 -lgio-2.0 -lpangoft2-1.0 -lpangocairo-1.0 -lgdk_pixbuf-2.0 -lm -lcairo -lpng12 -lpango-1.0 -lfreetype -lfontconfig -lgobject-2.0 -lgmodule-2.0 -lgthread-2.0 -lrt -lglib-2.0  '
PACKAGE_NAME=''
PACKAGE_STRING=''
PACKAGE_TARNAME=''
PACKAGE_URL=''
PACKAGE_VERSION=''
PATH_SEPARATOR=':'
PKG_CONFIG='/usr/bin/pkg-config'
PKG_CONFIG_LIBDIR=''
PKG_CONFIG_PATH=''
POFILES=''
POSUB='po'
PO_IN_DATADIR_FALSE=''
PO_IN_DATADIR_TRUE=''
SET_MAKE=''
SHELL='/bin/sh'
STRIP=''
USE_NLS='yes'
VERSION='0.1'
XGETTEXT=':'
ac_ct_CC='gcc'
am__EXEEXT_FALSE=''
am__EXEEXT_TRUE='#'
am__fastdepCC_FALSE='#'
am__fastdepCC_TRUE=''
am__include='include'
am__isrc=''
am__leading_dot='.'
am__quote=''
am__tar='${AMTAR} chof - "$$tardir"'
am__untar='${AMTAR} xf -'
bindir='${exec_prefix}/bin'
build_alias=''
datadir='${datarootdir}'
datarootdir='${prefix}/share'
docdir='${datarootdir}/doc/${PACKAGE}'
dvidir='${docdir}'
exec_prefix='${prefix}'
host_alias=''
htmldir='${docdir}'
includedir='${prefix}/include'
infodir='${datarootdir}/info'
install_sh='${SHELL} /home/cherra/carnesbecerra_2.9.14/install-sh'
libdir='${exec_prefix}/lib'
libexecdir='${exec_prefix}/libexec'
localedir='${datarootdir}/locale'
localstatedir='${prefix}/var'
mandir='${datarootdir}/man'
mkdir_p='/bin/mkdir -p'
oldincludedir='/usr/include'
pdfdir='${docdir}'
prefix='/usr/local'
program_transform_name='s,x,x,'
psdir='${docdir}'
sbindir='${exec_prefix}/sbin'
sharedstatedir='${prefix}/com'
sysconfdir='${prefix}/etc'
target_alias=''

## ----------- ##
## confdefs.h. ##
## ----------- ##

/* confdefs.h */
#define PACKAGE_NAME ""
#define PACKAGE_TARNAME ""
#define PACKAGE_VERSION ""
#define PACKAGE_STRING ""
#define PACKAGE_BUGREPORT ""
#define PACKAGE_URL ""
#define PACKAGE "carnesbecerra"
#define VERSION "0.1"
#define STDC_HEADERS 1
#define GETTEXT_PACKAGE "carnesbecerra"
#define HAVE_SYS_TYPES_H 1
#define HAVE_SYS_STAT_H 1
#define HAVE_STDLIB_H 1
#define HAVE_STRING_H 1
#define HAVE_MEMORY_H 1
#define HAVE_STRINGS_H 1
#define HAVE_INTTYPES_H 1
#define HAVE_STDINT_H 1
#define HAVE_UNISTD_H 1
#define HAVE_LOCALE_H 1
#define HAVE_LC_MESSAGES 1
#define HAVE_BIND_TEXTDOMAIN_CODESET 1
#define HAVE_GETTEXT 1

configure: exit 0
